<?xml version="1.0" encoding="UTF-8"?>
<testng-results total="5" passed="5" failed="0" skipped="0">
  <reporter-output>
  </reporter-output>
  <suite started-at="2024-12-19T09:25:54Z" name="Suite" finished-at="2024-12-19T09:25:56Z" duration-ms="2543">
    <groups>
    </groups>
    <test started-at="2024-12-19T09:25:54Z" name="Test" finished-at="2024-12-19T09:25:56Z" duration-ms="2543">
      <class name="rahulshettyacadamy.Day1">
        <test-method signature="HomeLoan1()" started-at="2024-12-19T09:25:54Z" name="HomeLoan1" finished-at="2024-12-19T09:25:54Z" duration-ms="13" status="PASS">
        </test-method>
        <test-method signature="HomeLoan2()" started-at="2024-12-19T09:25:54Z" name="HomeLoan2" finished-at="2024-12-19T09:25:54Z" duration-ms="0" status="PASS">
        </test-method>
        <test-method signature="Login()" started-at="2024-12-19T09:25:54Z" name="Login" finished-at="2024-12-19T09:25:56Z" duration-ms="2520" status="PASS">
        </test-method>
      </class>
    </test>
  </suite>
  <suite started-at="2024-12-19T09:25:56Z" name="Suite" finished-at="2024-12-19T09:25:56Z" duration-ms="2">
    <groups>
    </groups>
    <test started-at="2024-12-19T09:25:56Z" name="Test" finished-at="2024-12-19T09:25:56Z" duration-ms="2">
      <class name="rahulshettyacadamy.Day2">
        <test-method signature="PersonalLoan1()" started-at="2024-12-19T09:25:56Z" name="PersonalLoan1" finished-at="2024-12-19T09:25:56Z" duration-ms="0" status="PASS">
        </test-method>
        <test-method signature="PersonalLoan2()" started-at="2024-12-19T09:25:56Z" name="PersonalLoan2" finished-at="2024-12-19T09:25:56Z" duration-ms="0" status="PASS">
        </test-method>
      </class>
    </test>
  </suite>
</testng-results>
