<?xml version="1.0" encoding="UTF-8"?>
<testsuite xmlns:xsi="http://www.w3.org/2001/XMLSchema-instance" xsi:noNamespaceSchemaLocation="https://maven.apache.org/surefire/maven-surefire-plugin/xsd/surefire-test-report.xsd" version="3.0.1" name="TestSuite" time="3.344" tests="5" errors="0" skipped="0" failures="0">
  <properties>
[...]
</properties>
  <testcase name="HomeLoan1" classname="rahulshettyacadamy.Day1" time="0.014">
    <system-out><![CDATA[HomeLoan1
]]></system-out>
  </testcase>
  <testcase name="HomeLoan2" classname="rahulshettyacadamy.Day1" time="0.001">
    <system-out><![CDATA[HomeLoan2
]]></system-out>
  </testcase>
  <testcase name="Login" classname="rahulshettyacadamy.Day1" time="2.51"/>
  <testcase name="PersonalLoan1" classname="rahulshettyacadamy.Day2" time="0.002">
    <system-out><![CDATA[PersonalLoan1
PersonalLoan11
]]></system-out>
  </testcase>
  <testcase name="PersonalLoan2" classname="rahulshettyacadamy.Day2" time="0.001">
    <system-out><![CDATA[PersonalLoan2
PersonalLoan22
]]></system-out>
  </testcase>
</testsuite>