<?xml version="1.0" encoding="UTF-8"?>
<testng-results total="3" passed="3" failed="0" skipped="0">
  <reporter-output>
  </reporter-output>
  <suite started-at="2024-12-19T09:22:26Z" name="Default suite" finished-at="2024-12-19T09:22:29Z" duration-ms="2662">
    <groups>
    </groups>
    <test started-at="2024-12-19T09:22:26Z" name="Default test" finished-at="2024-12-19T09:22:29Z" duration-ms="2662">
      <class name="rahulshettyacadamy.Day1">
        <test-method signature="HomeLoan1()" started-at="2024-12-19T09:22:26Z" name="HomeLoan1" finished-at="2024-12-19T09:22:26Z" duration-ms="12" status="PASS">
        </test-method>
        <test-method signature="HomeLoan2()" started-at="2024-12-19T09:22:26Z" name="HomeLoan2" finished-at="2024-12-19T09:22:26Z" duration-ms="1" status="PASS">
        </test-method>
        <test-method signature="Login()" started-at="2024-12-19T09:22:26Z" name="Login" finished-at="2024-12-19T09:22:29Z" duration-ms="2637" status="PASS">
        </test-method>
      </class>
    </test>
  </suite>
</testng-results>
